Start testing: Nov 09 13:41 Est
----------------------------------------------------------
1/9 Testing: TimeFromSecondsTests/TimeFromSecondsMultipleParametersTests.CheckTimeFromSecondsToCout/(500, "8 min")
1/9 Test: TimeFromSecondsTests/TimeFromSecondsMultipleParametersTests.CheckTimeFromSecondsToCout/(500, "8 min")
Command: "C:/Users/maxim/Documents/UQAM_Cours/MGL7460_Maintenance/Projet2/Cpp/build/TimeFromSecondsTests.exe" "--gtest_filter=TimeFromSecondsTests/TimeFromSecondsMultipleParametersTests.CheckTimeFromSecondsToCout/0" "--gtest_also_run_disabled_tests"
Directory: C:/Users/maxim/Documents/UQAM_Cours/MGL7460_Maintenance/Projet2/Cpp/build
"TimeFromSecondsTests/TimeFromSecondsMultipleParametersTests.CheckTimeFromSecondsToCout/(500, "8 min")" start time: Nov 09 13:41 Est
Output:
----------------------------------------------------------
Running main() from C:/Users/maxim/Documents/UQAM_Cours/MGL7460_Maintenance/Projet2/Cpp/build/_deps/googletest-src/googletest/src/gtest_main.cc
Note: Google Test filter = TimeFromSecondsTests/TimeFromSecondsMultipleParametersTests.CheckTimeFromSecondsToCout/0
[==========] Running 1 test from 1 test suite.
[----------] Global test environment set-up.
[----------] 1 test from TimeFromSecondsTests/TimeFromSecondsMultipleParametersTests
[ RUN      ] TimeFromSecondsTests/TimeFromSecondsMultipleParametersTests.CheckTimeFromSecondsToCout/0
[       OK ] TimeFromSecondsTests/TimeFromSecondsMultipleParametersTests.CheckTimeFromSecondsToCout/0 (0 ms)
[----------] 1 test from TimeFromSecondsTests/TimeFromSecondsMultipleParametersTests (0 ms total)

[----------] Global test environment tear-down
[==========] 1 test from 1 test suite ran. (0 ms total)
[  PASSED  ] 1 test.
<end of output>
Test time =   0.01 sec
----------------------------------------------------------
Test Passed.
"TimeFromSecondsTests/TimeFromSecondsMultipleParametersTests.CheckTimeFromSecondsToCout/(500, "8 min")" end time: Nov 09 13:41 Est
"TimeFromSecondsTests/TimeFromSecondsMultipleParametersTests.CheckTimeFromSecondsToCout/(500, "8 min")" time elapsed: 00:00:00
----------------------------------------------------------

2/9 Testing: TimeFromSecondsTests/TimeFromSecondsMultipleParametersTests.CheckTimeFromSecondsToCout/(40000, "11:06")
2/9 Test: TimeFromSecondsTests/TimeFromSecondsMultipleParametersTests.CheckTimeFromSecondsToCout/(40000, "11:06")
Command: "C:/Users/maxim/Documents/UQAM_Cours/MGL7460_Maintenance/Projet2/Cpp/build/TimeFromSecondsTests.exe" "--gtest_filter=TimeFromSecondsTests/TimeFromSecondsMultipleParametersTests.CheckTimeFromSecondsToCout/1" "--gtest_also_run_disabled_tests"
Directory: C:/Users/maxim/Documents/UQAM_Cours/MGL7460_Maintenance/Projet2/Cpp/build
"TimeFromSecondsTests/TimeFromSecondsMultipleParametersTests.CheckTimeFromSecondsToCout/(40000, "11:06")" start time: Nov 09 13:41 Est
Output:
----------------------------------------------------------
Running main() from C:/Users/maxim/Documents/UQAM_Cours/MGL7460_Maintenance/Projet2/Cpp/build/_deps/googletest-src/googletest/src/gtest_main.cc
Note: Google Test filter = TimeFromSecondsTests/TimeFromSecondsMultipleParametersTests.CheckTimeFromSecondsToCout/1
[==========] Running 1 test from 1 test suite.
[----------] Global test environment set-up.
[----------] 1 test from TimeFromSecondsTests/TimeFromSecondsMultipleParametersTests
[ RUN      ] TimeFromSecondsTests/TimeFromSecondsMultipleParametersTests.CheckTimeFromSecondsToCout/1
[       OK ] TimeFromSecondsTests/TimeFromSecondsMultipleParametersTests.CheckTimeFromSecondsToCout/1 (0 ms)
[----------] 1 test from TimeFromSecondsTests/TimeFromSecondsMultipleParametersTests (0 ms total)

[----------] Global test environment tear-down
[==========] 1 test from 1 test suite ran. (0 ms total)
[  PASSED  ] 1 test.
<end of output>
Test time =   0.01 sec
----------------------------------------------------------
Test Passed.
"TimeFromSecondsTests/TimeFromSecondsMultipleParametersTests.CheckTimeFromSecondsToCout/(40000, "11:06")" end time: Nov 09 13:41 Est
"TimeFromSecondsTests/TimeFromSecondsMultipleParametersTests.CheckTimeFromSecondsToCout/(40000, "11:06")" time elapsed: 00:00:00
----------------------------------------------------------

3/9 Testing: TimeFromSecondsTests/TimeFromSecondsMultipleParametersTests.CheckTimeFromSecondsToCout/(88000, "1 day, 26 min")
3/9 Test: TimeFromSecondsTests/TimeFromSecondsMultipleParametersTests.CheckTimeFromSecondsToCout/(88000, "1 day, 26 min")
Command: "C:/Users/maxim/Documents/UQAM_Cours/MGL7460_Maintenance/Projet2/Cpp/build/TimeFromSecondsTests.exe" "--gtest_filter=TimeFromSecondsTests/TimeFromSecondsMultipleParametersTests.CheckTimeFromSecondsToCout/2" "--gtest_also_run_disabled_tests"
Directory: C:/Users/maxim/Documents/UQAM_Cours/MGL7460_Maintenance/Projet2/Cpp/build
"TimeFromSecondsTests/TimeFromSecondsMultipleParametersTests.CheckTimeFromSecondsToCout/(88000, "1 day, 26 min")" start time: Nov 09 13:41 Est
Output:
----------------------------------------------------------
Running main() from C:/Users/maxim/Documents/UQAM_Cours/MGL7460_Maintenance/Projet2/Cpp/build/_deps/googletest-src/googletest/src/gtest_main.cc
Note: Google Test filter = TimeFromSecondsTests/TimeFromSecondsMultipleParametersTests.CheckTimeFromSecondsToCout/2
[==========] Running 1 test from 1 test suite.
[----------] Global test environment set-up.
[----------] 1 test from TimeFromSecondsTests/TimeFromSecondsMultipleParametersTests
[ RUN      ] TimeFromSecondsTests/TimeFromSecondsMultipleParametersTests.CheckTimeFromSecondsToCout/2
[       OK ] TimeFromSecondsTests/TimeFromSecondsMultipleParametersTests.CheckTimeFromSecondsToCout/2 (0 ms)
[----------] 1 test from TimeFromSecondsTests/TimeFromSecondsMultipleParametersTests (0 ms total)

[----------] Global test environment tear-down
[==========] 1 test from 1 test suite ran. (0 ms total)
[  PASSED  ] 1 test.
<end of output>
Test time =   0.01 sec
----------------------------------------------------------
Test Passed.
"TimeFromSecondsTests/TimeFromSecondsMultipleParametersTests.CheckTimeFromSecondsToCout/(88000, "1 day, 26 min")" end time: Nov 09 13:41 Est
"TimeFromSecondsTests/TimeFromSecondsMultipleParametersTests.CheckTimeFromSecondsToCout/(88000, "1 day, 26 min")" time elapsed: 00:00:00
----------------------------------------------------------

4/9 Testing: TimeFromSecondsTests/TimeFromSecondsMultipleParametersTests.CheckTimeFromSecondsToCout/(150000, "1 day, 17:40")
4/9 Test: TimeFromSecondsTests/TimeFromSecondsMultipleParametersTests.CheckTimeFromSecondsToCout/(150000, "1 day, 17:40")
Command: "C:/Users/maxim/Documents/UQAM_Cours/MGL7460_Maintenance/Projet2/Cpp/build/TimeFromSecondsTests.exe" "--gtest_filter=TimeFromSecondsTests/TimeFromSecondsMultipleParametersTests.CheckTimeFromSecondsToCout/3" "--gtest_also_run_disabled_tests"
Directory: C:/Users/maxim/Documents/UQAM_Cours/MGL7460_Maintenance/Projet2/Cpp/build
"TimeFromSecondsTests/TimeFromSecondsMultipleParametersTests.CheckTimeFromSecondsToCout/(150000, "1 day, 17:40")" start time: Nov 09 13:41 Est
Output:
----------------------------------------------------------
Running main() from C:/Users/maxim/Documents/UQAM_Cours/MGL7460_Maintenance/Projet2/Cpp/build/_deps/googletest-src/googletest/src/gtest_main.cc
Note: Google Test filter = TimeFromSecondsTests/TimeFromSecondsMultipleParametersTests.CheckTimeFromSecondsToCout/3
[==========] Running 1 test from 1 test suite.
[----------] Global test environment set-up.
[----------] 1 test from TimeFromSecondsTests/TimeFromSecondsMultipleParametersTests
[ RUN      ] TimeFromSecondsTests/TimeFromSecondsMultipleParametersTests.CheckTimeFromSecondsToCout/3
[       OK ] TimeFromSecondsTests/TimeFromSecondsMultipleParametersTests.CheckTimeFromSecondsToCout/3 (0 ms)
[----------] 1 test from TimeFromSecondsTests/TimeFromSecondsMultipleParametersTests (0 ms total)

[----------] Global test environment tear-down
[==========] 1 test from 1 test suite ran. (0 ms total)
[  PASSED  ] 1 test.
<end of output>
Test time =   0.01 sec
----------------------------------------------------------
Test Passed.
"TimeFromSecondsTests/TimeFromSecondsMultipleParametersTests.CheckTimeFromSecondsToCout/(150000, "1 day, 17:40")" end time: Nov 09 13:41 Est
"TimeFromSecondsTests/TimeFromSecondsMultipleParametersTests.CheckTimeFromSecondsToCout/(150000, "1 day, 17:40")" time elapsed: 00:00:00
----------------------------------------------------------

5/9 Testing: TimeFromSecondsTests/TimeFromSecondsMultipleParametersTests.CheckTimeFromSecondsToCout/(259990, "3 days, 13 min")
5/9 Test: TimeFromSecondsTests/TimeFromSecondsMultipleParametersTests.CheckTimeFromSecondsToCout/(259990, "3 days, 13 min")
Command: "C:/Users/maxim/Documents/UQAM_Cours/MGL7460_Maintenance/Projet2/Cpp/build/TimeFromSecondsTests.exe" "--gtest_filter=TimeFromSecondsTests/TimeFromSecondsMultipleParametersTests.CheckTimeFromSecondsToCout/4" "--gtest_also_run_disabled_tests"
Directory: C:/Users/maxim/Documents/UQAM_Cours/MGL7460_Maintenance/Projet2/Cpp/build
"TimeFromSecondsTests/TimeFromSecondsMultipleParametersTests.CheckTimeFromSecondsToCout/(259990, "3 days, 13 min")" start time: Nov 09 13:41 Est
Output:
----------------------------------------------------------
Running main() from C:/Users/maxim/Documents/UQAM_Cours/MGL7460_Maintenance/Projet2/Cpp/build/_deps/googletest-src/googletest/src/gtest_main.cc
Note: Google Test filter = TimeFromSecondsTests/TimeFromSecondsMultipleParametersTests.CheckTimeFromSecondsToCout/4
[==========] Running 1 test from 1 test suite.
[----------] Global test environment set-up.
[----------] 1 test from TimeFromSecondsTests/TimeFromSecondsMultipleParametersTests
[ RUN      ] TimeFromSecondsTests/TimeFromSecondsMultipleParametersTests.CheckTimeFromSecondsToCout/4
[       OK ] TimeFromSecondsTests/TimeFromSecondsMultipleParametersTests.CheckTimeFromSecondsToCout/4 (0 ms)
[----------] 1 test from TimeFromSecondsTests/TimeFromSecondsMultipleParametersTests (0 ms total)

[----------] Global test environment tear-down
[==========] 1 test from 1 test suite ran. (0 ms total)
[  PASSED  ] 1 test.
<end of output>
Test time =   0.01 sec
----------------------------------------------------------
Test Passed.
"TimeFromSecondsTests/TimeFromSecondsMultipleParametersTests.CheckTimeFromSecondsToCout/(259990, "3 days, 13 min")" end time: Nov 09 13:41 Est
"TimeFromSecondsTests/TimeFromSecondsMultipleParametersTests.CheckTimeFromSecondsToCout/(259990, "3 days, 13 min")" time elapsed: 00:00:00
----------------------------------------------------------

6/9 Testing: TimeFromSecondsTests/TimeFromSecondsMultipleParametersTests.CheckTimeFromSecondsToCout/(300000, "3 days, 11:20")
6/9 Test: TimeFromSecondsTests/TimeFromSecondsMultipleParametersTests.CheckTimeFromSecondsToCout/(300000, "3 days, 11:20")
Command: "C:/Users/maxim/Documents/UQAM_Cours/MGL7460_Maintenance/Projet2/Cpp/build/TimeFromSecondsTests.exe" "--gtest_filter=TimeFromSecondsTests/TimeFromSecondsMultipleParametersTests.CheckTimeFromSecondsToCout/5" "--gtest_also_run_disabled_tests"
Directory: C:/Users/maxim/Documents/UQAM_Cours/MGL7460_Maintenance/Projet2/Cpp/build
"TimeFromSecondsTests/TimeFromSecondsMultipleParametersTests.CheckTimeFromSecondsToCout/(300000, "3 days, 11:20")" start time: Nov 09 13:41 Est
Output:
----------------------------------------------------------
Running main() from C:/Users/maxim/Documents/UQAM_Cours/MGL7460_Maintenance/Projet2/Cpp/build/_deps/googletest-src/googletest/src/gtest_main.cc
Note: Google Test filter = TimeFromSecondsTests/TimeFromSecondsMultipleParametersTests.CheckTimeFromSecondsToCout/5
[==========] Running 1 test from 1 test suite.
[----------] Global test environment set-up.
[----------] 1 test from TimeFromSecondsTests/TimeFromSecondsMultipleParametersTests
[ RUN      ] TimeFromSecondsTests/TimeFromSecondsMultipleParametersTests.CheckTimeFromSecondsToCout/5
[       OK ] TimeFromSecondsTests/TimeFromSecondsMultipleParametersTests.CheckTimeFromSecondsToCout/5 (0 ms)
[----------] 1 test from TimeFromSecondsTests/TimeFromSecondsMultipleParametersTests (0 ms total)

[----------] Global test environment tear-down
[==========] 1 test from 1 test suite ran. (0 ms total)
[  PASSED  ] 1 test.
<end of output>
Test time =   0.01 sec
----------------------------------------------------------
Test Passed.
"TimeFromSecondsTests/TimeFromSecondsMultipleParametersTests.CheckTimeFromSecondsToCout/(300000, "3 days, 11:20")" end time: Nov 09 13:41 Est
"TimeFromSecondsTests/TimeFromSecondsMultipleParametersTests.CheckTimeFromSecondsToCout/(300000, "3 days, 11:20")" time elapsed: 00:00:00
----------------------------------------------------------

7/9 Testing: UptimeTests/UpTimeMultipleParametersTests.CheckUpTimeExecute/("../data/test_file1.txt", " up 59 min\n idle 1:24")
7/9 Test: UptimeTests/UpTimeMultipleParametersTests.CheckUpTimeExecute/("../data/test_file1.txt", " up 59 min\n idle 1:24")
Command: "C:/Users/maxim/Documents/UQAM_Cours/MGL7460_Maintenance/Projet2/Cpp/build/UpTimeTests.exe" "--gtest_filter=UptimeTests/UpTimeMultipleParametersTests.CheckUpTimeExecute/0" "--gtest_also_run_disabled_tests"
Directory: C:/Users/maxim/Documents/UQAM_Cours/MGL7460_Maintenance/Projet2/Cpp/build
"UptimeTests/UpTimeMultipleParametersTests.CheckUpTimeExecute/("../data/test_file1.txt", " up 59 min\n idle 1:24")" start time: Nov 09 13:41 Est
Output:
----------------------------------------------------------
Running main() from C:/Users/maxim/Documents/UQAM_Cours/MGL7460_Maintenance/Projet2/Cpp/build/_deps/googletest-src/googletest/src/gtest_main.cc
Note: Google Test filter = UptimeTests/UpTimeMultipleParametersTests.CheckUpTimeExecute/0
[==========] Running 1 test from 1 test suite.
[----------] Global test environment set-up.
[----------] 1 test from UptimeTests/UpTimeMultipleParametersTests
[ RUN      ] UptimeTests/UpTimeMultipleParametersTests.CheckUpTimeExecute/0
[       OK ] UptimeTests/UpTimeMultipleParametersTests.CheckUpTimeExecute/0 (0 ms)
[----------] 1 test from UptimeTests/UpTimeMultipleParametersTests (0 ms total)

[----------] Global test environment tear-down
[==========] 1 test from 1 test suite ran. (0 ms total)
[  PASSED  ] 1 test.
<end of output>
Test time =   0.01 sec
----------------------------------------------------------
Test Passed.
"UptimeTests/UpTimeMultipleParametersTests.CheckUpTimeExecute/("../data/test_file1.txt", " up 59 min\n idle 1:24")" end time: Nov 09 13:41 Est
"UptimeTests/UpTimeMultipleParametersTests.CheckUpTimeExecute/("../data/test_file1.txt", " up 59 min\n idle 1:24")" time elapsed: 00:00:00
----------------------------------------------------------

8/9 Testing: UptimeTests/UpTimeMultipleParametersTests.CheckUpTimeExecute/("../data/test_file2.txt", " up 1 day, 8 min\n idle 1 day, 1:25")
8/9 Test: UptimeTests/UpTimeMultipleParametersTests.CheckUpTimeExecute/("../data/test_file2.txt", " up 1 day, 8 min\n idle 1 day, 1:25")
Command: "C:/Users/maxim/Documents/UQAM_Cours/MGL7460_Maintenance/Projet2/Cpp/build/UpTimeTests.exe" "--gtest_filter=UptimeTests/UpTimeMultipleParametersTests.CheckUpTimeExecute/1" "--gtest_also_run_disabled_tests"
Directory: C:/Users/maxim/Documents/UQAM_Cours/MGL7460_Maintenance/Projet2/Cpp/build
"UptimeTests/UpTimeMultipleParametersTests.CheckUpTimeExecute/("../data/test_file2.txt", " up 1 day, 8 min\n idle 1 day, 1:25")" start time: Nov 09 13:41 Est
Output:
----------------------------------------------------------
Running main() from C:/Users/maxim/Documents/UQAM_Cours/MGL7460_Maintenance/Projet2/Cpp/build/_deps/googletest-src/googletest/src/gtest_main.cc
Note: Google Test filter = UptimeTests/UpTimeMultipleParametersTests.CheckUpTimeExecute/1
[==========] Running 1 test from 1 test suite.
[----------] Global test environment set-up.
[----------] 1 test from UptimeTests/UpTimeMultipleParametersTests
[ RUN      ] UptimeTests/UpTimeMultipleParametersTests.CheckUpTimeExecute/1
[       OK ] UptimeTests/UpTimeMultipleParametersTests.CheckUpTimeExecute/1 (0 ms)
[----------] 1 test from UptimeTests/UpTimeMultipleParametersTests (0 ms total)

[----------] Global test environment tear-down
[==========] 1 test from 1 test suite ran. (0 ms total)
[  PASSED  ] 1 test.
<end of output>
Test time =   0.01 sec
----------------------------------------------------------
Test Passed.
"UptimeTests/UpTimeMultipleParametersTests.CheckUpTimeExecute/("../data/test_file2.txt", " up 1 day, 8 min\n idle 1 day, 1:25")" end time: Nov 09 13:41 Est
"UptimeTests/UpTimeMultipleParametersTests.CheckUpTimeExecute/("../data/test_file2.txt", " up 1 day, 8 min\n idle 1 day, 1:25")" time elapsed: 00:00:00
----------------------------------------------------------

9/9 Testing: UptimeTests/UpTimeMultipleParametersTests.CheckUpTimeExecute/("../data/test_file3.txt", " up 2 days, 36 min\n idle 3 days, 11:24")
9/9 Test: UptimeTests/UpTimeMultipleParametersTests.CheckUpTimeExecute/("../data/test_file3.txt", " up 2 days, 36 min\n idle 3 days, 11:24")
Command: "C:/Users/maxim/Documents/UQAM_Cours/MGL7460_Maintenance/Projet2/Cpp/build/UpTimeTests.exe" "--gtest_filter=UptimeTests/UpTimeMultipleParametersTests.CheckUpTimeExecute/2" "--gtest_also_run_disabled_tests"
Directory: C:/Users/maxim/Documents/UQAM_Cours/MGL7460_Maintenance/Projet2/Cpp/build
"UptimeTests/UpTimeMultipleParametersTests.CheckUpTimeExecute/("../data/test_file3.txt", " up 2 days, 36 min\n idle 3 days, 11:24")" start time: Nov 09 13:41 Est
Output:
----------------------------------------------------------
Running main() from C:/Users/maxim/Documents/UQAM_Cours/MGL7460_Maintenance/Projet2/Cpp/build/_deps/googletest-src/googletest/src/gtest_main.cc
Note: Google Test filter = UptimeTests/UpTimeMultipleParametersTests.CheckUpTimeExecute/2
[==========] Running 1 test from 1 test suite.
[----------] Global test environment set-up.
[----------] 1 test from UptimeTests/UpTimeMultipleParametersTests
[ RUN      ] UptimeTests/UpTimeMultipleParametersTests.CheckUpTimeExecute/2
[       OK ] UptimeTests/UpTimeMultipleParametersTests.CheckUpTimeExecute/2 (0 ms)
[----------] 1 test from UptimeTests/UpTimeMultipleParametersTests (0 ms total)

[----------] Global test environment tear-down
[==========] 1 test from 1 test suite ran. (0 ms total)
[  PASSED  ] 1 test.
<end of output>
Test time =   0.01 sec
----------------------------------------------------------
Test Passed.
"UptimeTests/UpTimeMultipleParametersTests.CheckUpTimeExecute/("../data/test_file3.txt", " up 2 days, 36 min\n idle 3 days, 11:24")" end time: Nov 09 13:41 Est
"UptimeTests/UpTimeMultipleParametersTests.CheckUpTimeExecute/("../data/test_file3.txt", " up 2 days, 36 min\n idle 3 days, 11:24")" time elapsed: 00:00:00
----------------------------------------------------------

End testing: Nov 09 13:41 Est
